<?xml version="1.0" encoding="UTF-8"?>
<!-- Generated by org.testng.reporters.JUnitReportReporter -->
<testsuite skipped="0" hostname="LAPTOP-FK5U4VG9" name="com.api.test.ApiPostTest" tests="1" failures="0" timestamp="30 Apr 2020 06:49:54 GMT" time="1.806" errors="0">
  <testcase name="verifyPostCall" time="1.806" classname="com.api.test.ApiPostTest"/>
</testsuite> <!-- com.api.test.ApiPostTest -->
