<?xml version="1.0" encoding="UTF-8"?>
<!-- Generated by org.testng.reporters.JUnitReportReporter -->
<testsuite skipped="3" hostname="LAPTOP-FK5U4VG9" name="com.api.test.RestApiTest" tests="5" failures="0" timestamp="29 Apr 2020 10:04:23 GMT" time="5.409" errors="0">
  <testcase name="verifyHeaderValues" time="2.888" classname="com.api.test.RestApiTest"/>
  <testcase name="verifyApiWithHeaders" time="2.521" classname="com.api.test.RestApiTest"/>
  <testcase name="verifyJsonObjects" classname="com.api.test.RestApiTest">
    <skipped/>
  </testcase> <!-- verifyJsonObjects -->
  <testcase name="verifyStatus" classname="com.api.test.RestApiTest">
    <skipped/>
  </testcase> <!-- verifyStatus -->
  <testcase name="verifyJsonArrayValues" classname="com.api.test.RestApiTest">
    <skipped/>
  </testcase> <!-- verifyJsonArrayValues -->
</testsuite> <!-- com.api.test.RestApiTest -->
