<?xml version="1.0" encoding="UTF-8"?>
<!-- Generated by org.testng.reporters.JUnitReportReporter -->
<testsuite skipped="0" hostname="LAPTOP-FK5U4VG9" name="com.api.test.RestApiTest" tests="1" failures="0" timestamp="28 Apr 2020 10:35:01 GMT" time="1.324" errors="0">
  <testcase name="callGet" time="1.324" classname="com.api.test.RestApiTest"/>
</testsuite> <!-- com.api.test.RestApiTest -->
